2026-02-24T06:01:22.288Z [console][log] [vite] connecting...
2026-02-24T06:01:22.296Z [console][log] [vite] connected.
2026-02-24T06:03:02.620Z [console][warn] 开始搜索... [object Object]
2026-02-24T06:03:02.620Z [console][warn] 城市参数: 常德市 区县参数: 汉寿县
2026-02-24T06:03:02.621Z [console][warn] 请求URL: https://restapi.amap.com/v3/place/text?key=085af4356f3cd543fd70cb092c58c839&keywords=%E5%B9%BF%E5%91%8A&output=json&offset=20&page=1&extensions=base&city=%E5%B8%B8%E5%BE%B7%E5%B8%82&citylimit=true&district=%E6%B1%89%E5%AF%BF%E5%8E%BF
2026-02-24T06:03:02.826Z [console][warn] API响应时间: 205ms [object Object]
2026-02-24T06:03:02.826Z [console][warn] 处理后的结果: 20 条
2026-02-24T06:03:02.826Z [console][warn] 第一个结果示例: [object Object]
2026-02-24T06:03:02.826Z [console][warn] 搜索完成，结果数量: 20 总耗时: 206ms
2026-02-24T06:03:02.620Z [console][log] 开始搜索... {"keyword":"广告","city":"常德市 汉寿县","isLoadMore":false}
2026-02-24T06:03:02.620Z [console][log] 城市参数: 常德市 区县参数: 汉寿县
2026-02-24T06:03:02.620Z [console][log] 请求URL: https://restapi.amap.com/v3/place/text?key=085af4356f3cd543fd70cb092c58c839&keywords=%E5%B9%BF%E5%91%8A&output=json&offset=20&page=1&extensions=base&city=%E5%B8%B8%E5%BE%B7%E5%B8%82&citylimit=true&district=%E6%B1%89%E5%AF%BF%E5%8E%BF
2026-02-24T06:03:02.825Z [console][log] API响应时间: 205ms {"suggestion":{"keywords":[],"cities":[]},"count":"450","infocode":"10000","pois":[{"parent":[],"distance":[],"keytag":"图文快印","importance":[],"biz_ext":[],"type":"生活服务;摄影冲印店;摄影冲印","photos":[],"building":[],"typecode":"071300","shopinfo":"1","poiweight":[],"adname":"武陵区","featured_reviews_remake":[],"tel":[],"id":"B0K65UFRJF","address":"建设路1206号","space_num":[],"pname":"湖南省","biz_type":[],"cityname":"常德市","childtype":[],"atag":[],"name":"德辰广告印务","location":"111.694143,29.032303","shopid":[],"favo...
2026-02-24T06:03:02.826Z [console][log] 处理后的结果: 20 条
2026-02-24T06:03:02.826Z [console][log] 第一个结果示例: {"parent":[],"distance":null,"keytag":"图文快印","importance":[],"biz_ext":[],"type":"生活服务;摄影冲印店;摄影冲印","photos":[],"building":[],"typecode":"071300","shopinfo":"1","poiweight":[],"adname":"武陵区","featured_reviews_remake":[],"tel":[],"id":"B0K65UFRJF","address":"建设路1206号","space_num":[],"pname":"湖南省","biz_type":[],"cityname":"常德市","childtype":[],"atag":[],"name":"德辰广告印务","location":"111.694143,29.032303","shopid":[],"favorite_num":[],"featured_reviews":[],"copied":false,"copiedPhone":""}
2026-02-24T06:03:02.826Z [console][log] 搜索完成，结果数量: 20 总耗时: 206ms
2026-02-24T06:03:02.831Z [network][GET 200] https://restapi.amap.com/v3/place/text?key=085af4356f3cd543fd70cb092c58c839&keywords=%E5%B9%BF%E5%91%8A&output=json&offset=20&page=1&extensions=base&city=%E5%B8%B8%E5%BE%B7%E5%B8%82&citylimit=true&district=%E6%B1%89%E5%AF%BF%E5%8E%BF
  response: {"suggestion":{"keywords":[],"cities":[]},"count":"450","infocode":"10000","pois":[{"parent":[],"distance":[],"keytag":"图文快印","importance":[],"biz_ext":[],"type":"生活服务;摄影冲印店;摄影冲印","photos":[],"building":[],"typecode":"071300","shopinfo":"1","poiweight":[],"adname":"武陵区","featured_reviews_remake":[],"tel":[],"id":"B0K65UFRJF","address":"建设路1206号","space_num":[],"pname":"湖南省","biz_type":[],"cityname":"常德市","childtype":[],"atag":[],"name":"德辰广告印务","location":"111.694143,29.032303","shopid":[],"favorite_num":[],"featured_reviews":[]},{"parent":[],"distance":[],"keytag":"图文快印","importance":[],"biz_ext":[],"type":"公司企业;公司;广告装饰|生活服务;生活服务场所;生活服务场所","photos":[],"building":[],"typecode":"170201|070000","shopinfo":"1","poiweight":[],"adname":"武陵区","featured_reviews_remake":[],"tel":"18873666490","id":"B02E001VWE","address":"建设路1119号(市民政局旁)","space_num":[],"pname":"湖南省","biz_type":[],"cityname":"常德市","childtype":[],"atag":[],"name":"美凯广告","location":"111.695833,29.031571","shopid":[],"favorite_num":[],"featured_reviews":[]},{"parent":[],"distance":[],"keytag":"图文快印","importance":[],"biz_ext":[],"type":"公司企业;公司;广告装饰","photos":[],"building":[],"typecode":"170201","shopinfo":"0","poiweight":[],"adname":"武陵区","featured_reviews_remake":[],"tel":"18390649600","id":"B0K3394OGH","address":"武陵大道天泉大厦旁","space_num":[],"pname":"湖南省","biz_type":[],"cityname":"常德市","childtype":[],"atag":[],"name":"捷信图文广告","location":"111.691504,29.030016","shopid":[],"favorite_num":[],"featured_reviews":[]},{"parent":[],"distance":[],"keytag":"广告设计","importance":[],"biz_ext":[],"type":"生活服务;生活服务场所;生活服务场所","photos":[],"building":[],"typecode":"070000","shopinfo":"0","poiweight":[],"adname":"武陵区","featured_reviews_remake":[],"tel":"0736-7775308","id":"B0FFGZTX3H","address":"沅安路816号","space_num":[],"pname":"湖南省","biz_type":[],"cityname":"常德市","childtype":[],"atag":[],"name":"晟天广告","location":"111.697068,29.025693","shopid":[],"favorite_num":[],"featured_reviews":[]},{"parent":[],"distance":[],"keytag":"广告设计","i... [truncated]
2026-02-24T06:05:56.778Z [console][error] API返回错误: [object Object]
2026-02-24T06:05:56.072Z [console][log] 开始搜索... {"keyword":"广告","city":"常德市 汉寿县","isLoadMore":false}
2026-02-24T06:05:56.073Z [console][log] 城市参数: 常德市 区县参数: 汉寿县
2026-02-24T06:05:56.073Z [console][log] 请求URL: https://restapi.amap.com/v3/place/text?key=085af4356f3cd543fd70cb092c58c839&keywords=%E5%B9%BF%E5%91%8A&output=json&offset=20&page=1&extensions=base&city=%E5%B8%B8%E5%BE%B7%E5%B8%82&citylimit=true&district=%E6%B1%89%E5%AF%BF%E5%8E%BF
2026-02-24T06:05:56.277Z [console][log] API响应时间: 204ms {"suggestion":{"keywords":[],"cities":[]},"count":"450","infocode":"10000","pois":[{"parent":[],"distance":[],"keytag":"图文快印","importance":[],"biz_ext":[],"type":"生活服务;摄影冲印店;摄影冲印","photos":[],"building":[],"typecode":"071300","shopinfo":"1","poiweight":[],"adname":"武陵区","featured_reviews_remake":[],"tel":[],"id":"B0K65UFRJF","address":"建设路1206号","space_num":[],"pname":"湖南省","biz_type":[],"cityname":"常德市","childtype":[],"atag":[],"name":"德辰广告印务","location":"111.694143,29.032303","shopid":[],"favo...
2026-02-24T06:05:56.277Z [console][log] 区县过滤 "汉寿县" 后剩余: 0 条
2026-02-24T06:05:56.277Z [console][log] 处理后的结果: 0 条
2026-02-24T06:05:56.277Z [console][log] 第一个结果示例: undefined
2026-02-24T06:05:56.277Z [console][log] 区县过滤本页结果为0，自动加载第2页...
2026-02-24T06:05:56.278Z [console][log] 开始搜索... {"keyword":"广告","city":"常德市 汉寿县","isLoadMore":true}
2026-02-24T06:05:56.278Z [console][log] 城市参数: 常德市 区县参数: 汉寿县
2026-02-24T06:05:56.278Z [console][log] 请求URL: https://restapi.amap.com/v3/place/text?key=085af4356f3cd543fd70cb092c58c839&keywords=%E5%B9%BF%E5%91%8A&output=json&offset=20&page=2&extensions=base&city=%E5%B8%B8%E5%BE%B7%E5%B8%82&citylimit=true&district=%E6%B1%89%E5%AF%BF%E5%8E%BF
2026-02-24T06:05:56.452Z [console][log] API响应时间: 174ms {"suggestion":{"keywords":[],"cities":[]},"count":"450","infocode":"10000","pois":[{"parent":[],"distance":[],"keytag":"广告设计","importance":[],"biz_ext":[],"type":"公司企业;公司;广告装饰","photos":[],"building":[],"typecode":"170201","shopinfo":"0","poiweight":[],"adname":"武陵区","featured_reviews_remake":[],"tel":"13875009615;18175675858","id":"B0H145TO42","address":"启明街道青年路711号","space_num":[],"pname":"湖南省","biz_type":[],"cityname":"常德市","childtype":[],"atag":[],"name":"柒玖广告","location":"111.715242,29.0303...
2026-02-24T06:05:56.452Z [console][log] 区县过滤 "汉寿县" 后剩余: 0 条
2026-02-24T06:05:56.452Z [console][log] 处理后的结果: 0 条
2026-02-24T06:05:56.452Z [console][log] 第一个结果示例: undefined
2026-02-24T06:05:56.452Z [console][log] 区县过滤本页结果为0，自动加载第3页...
2026-02-24T06:05:56.453Z [console][log] 开始搜索... {"keyword":"广告","city":"常德市 汉寿县","isLoadMore":true}
2026-02-24T06:05:56.453Z [console][log] 城市参数: 常德市 区县参数: 汉寿县
2026-02-24T06:05:56.453Z [console][log] 请求URL: https://restapi.amap.com/v3/place/text?key=085af4356f3cd543fd70cb092c58c839&keywords=%E5%B9%BF%E5%91%8A&output=json&offset=20&page=3&extensions=base&city=%E5%B8%B8%E5%BE%B7%E5%B8%82&citylimit=true&district=%E6%B1%89%E5%AF%BF%E5%8E%BF
2026-02-24T06:05:56.645Z [console][log] API响应时间: 192ms {"suggestion":{"keywords":[],"cities":[]},"count":"450","infocode":"10000","pois":[{"parent":[],"distance":[],"keytag":"图文快印","importance":[],"biz_ext":[],"type":"生活服务;生活服务场所;生活服务场所","photos":[],"building":[],"typecode":"070000","shopinfo":"0","poiweight":[],"adname":"武陵区","featured_reviews_remake":[],"tel":"13203633102;15211270283","id":"B0G39UNKC3","address":"白马湖街道朝阳路248号","space_num":[],"pname":"湖南省","biz_type":[],"cityname":"常德市","childtype":[],"atag":[],"name":"佳视广告印务","location":"111.68677...
2026-02-24T06:05:56.646Z [console][log] 区县过滤 "汉寿县" 后剩余: 0 条
2026-02-24T06:05:56.646Z [console][log] 处理后的结果: 0 条
2026-02-24T06:05:56.646Z [console][log] 第一个结果示例: undefined
2026-02-24T06:05:56.646Z [console][log] 区县过滤本页结果为0，自动加载第4页...
2026-02-24T06:05:56.646Z [console][log] 开始搜索... {"keyword":"广告","city":"常德市 汉寿县","isLoadMore":true}
2026-02-24T06:05:56.646Z [console][log] 城市参数: 常德市 区县参数: 汉寿县
2026-02-24T06:05:56.646Z [console][log] 请求URL: https://restapi.amap.com/v3/place/text?key=085af4356f3cd543fd70cb092c58c839&keywords=%E5%B9%BF%E5%91%8A&output=json&offset=20&page=4&extensions=base&city=%E5%B8%B8%E5%BE%B7%E5%B8%82&citylimit=true&district=%E6%B1%89%E5%AF%BF%E5%8E%BF
2026-02-24T06:05:56.779Z [console][log] API响应时间: 133ms {"status":"0","info":"CUQPS_HAS_EXCEEDED_THE_LIMIT","infocode":"10021"}
2026-02-24T06:05:56.779Z [console][error] API返回错误: {"status":"0","info":"CUQPS_HAS_EXCEEDED_THE_LIMIT","infocode":"10021"}
2026-02-24T06:05:56.278Z [network][GET 200] https://restapi.amap.com/v3/place/text?key=085af4356f3cd543fd70cb092c58c839&keywords=%E5%B9%BF%E5%91%8A&output=json&offset=20&page=1&extensions=base&city=%E5%B8%B8%E5%BE%B7%E5%B8%82&citylimit=true&district=%E6%B1%89%E5%AF%BF%E5%8E%BF
  response: {"suggestion":{"keywords":[],"cities":[]},"count":"450","infocode":"10000","pois":[{"parent":[],"distance":[],"keytag":"图文快印","importance":[],"biz_ext":[],"type":"生活服务;摄影冲印店;摄影冲印","photos":[],"building":[],"typecode":"071300","shopinfo":"1","poiweight":[],"adname":"武陵区","featured_reviews_remake":[],"tel":[],"id":"B0K65UFRJF","address":"建设路1206号","space_num":[],"pname":"湖南省","biz_type":[],"cityname":"常德市","childtype":[],"atag":[],"name":"德辰广告印务","location":"111.694143,29.032303","shopid":[],"favorite_num":[],"featured_reviews":[]},{"parent":[],"distance":[],"keytag":"图文快印","importance":[],"biz_ext":[],"type":"公司企业;公司;广告装饰|生活服务;生活服务场所;生活服务场所","photos":[],"building":[],"typecode":"170201|070000","shopinfo":"1","poiweight":[],"adname":"武陵区","featured_reviews_remake":[],"tel":"18873666490","id":"B02E001VWE","address":"建设路1119号(市民政局旁)","space_num":[],"pname":"湖南省","biz_type":[],"cityname":"常德市","childtype":[],"atag":[],"name":"美凯广告","location":"111.695833,29.031571","shopid":[],"favorite_num":[],"featured_reviews":[]},{"parent":[],"distance":[],"keytag":"图文快印","importance":[],"biz_ext":[],"type":"公司企业;公司;广告装饰","photos":[],"building":[],"typecode":"170201","shopinfo":"0","poiweight":[],"adname":"武陵区","featured_reviews_remake":[],"tel":"18390649600","id":"B0K3394OGH","address":"武陵大道天泉大厦旁","space_num":[],"pname":"湖南省","biz_type":[],"cityname":"常德市","childtype":[],"atag":[],"name":"捷信图文广告","location":"111.691504,29.030016","shopid":[],"favorite_num":[],"featured_reviews":[]},{"parent":[],"distance":[],"keytag":"广告设计","importance":[],"biz_ext":[],"type":"生活服务;生活服务场所;生活服务场所","photos":[],"building":[],"typecode":"070000","shopinfo":"0","poiweight":[],"adname":"武陵区","featured_reviews_remake":[],"tel":"0736-7775308","id":"B0FFGZTX3H","address":"沅安路816号","space_num":[],"pname":"湖南省","biz_type":[],"cityname":"常德市","childtype":[],"atag":[],"name":"晟天广告","location":"111.697068,29.025693","shopid":[],"favorite_num":[],"featured_reviews":[]},{"parent":[],"distance":[],"keytag":"广告设计","i... [truncated]
2026-02-24T06:05:56.453Z [network][GET 200] https://restapi.amap.com/v3/place/text?key=085af4356f3cd543fd70cb092c58c839&keywords=%E5%B9%BF%E5%91%8A&output=json&offset=20&page=2&extensions=base&city=%E5%B8%B8%E5%BE%B7%E5%B8%82&citylimit=true&district=%E6%B1%89%E5%AF%BF%E5%8E%BF
  response: {"suggestion":{"keywords":[],"cities":[]},"count":"450","infocode":"10000","pois":[{"parent":[],"distance":[],"keytag":"广告设计","importance":[],"biz_ext":[],"type":"公司企业;公司;广告装饰","photos":[],"building":[],"typecode":"170201","shopinfo":"0","poiweight":[],"adname":"武陵区","featured_reviews_remake":[],"tel":"13875009615;18175675858","id":"B0H145TO42","address":"启明街道青年路711号","space_num":[],"pname":"湖南省","biz_type":[],"cityname":"常德市","childtype":[],"atag":[],"name":"柒玖广告","location":"111.715242,29.030349","shopid":[],"favorite_num":[],"featured_reviews":[]},{"parent":[],"distance":[],"keytag":"广告设计","importance":[],"biz_ext":[],"type":"生活服务;生活服务场所;生活服务场所","photos":[],"building":[],"typecode":"070000","shopinfo":"0","poiweight":[],"adname":"武陵区","featured_reviews_remake":[],"tel":"13077222766;17398760328","id":"B0FFIVQGVO","address":"建设路与友谊巷交叉口东20米","space_num":[],"pname":"湖南省","biz_type":[],"cityname":"常德市","childtype":[],"atag":[],"name":"扬帆广告印务","location":"111.686539,29.033995","shopid":[],"favorite_num":[],"featured_reviews":[]},{"parent":"B02E000DD0","distance":[],"keytag":"图文快印","importance":[],"biz_ext":[],"type":"生活服务;摄影冲印店;摄影冲印","photos":[],"building":[],"typecode":"071300","shopinfo":"1","poiweight":[],"adname":"武陵区","featured_reviews_remake":[],"tel":"15399770808","id":"B0HADUEKS6","address":"丹阳街道洞庭大道820号","space_num":[],"pname":"湖南省","biz_type":[],"cityname":"常德市","childtype":"320","atag":[],"name":"众达图文广告(湘北苑店)","location":"111.702242,29.041992","shopid":[],"favorite_num":[],"featured_reviews":[]},{"parent":"B02E001W5Q","distance":[],"keytag":"广告设计","importance":[],"biz_ext":[],"type":"公司企业;公司;广告装饰","photos":[],"building":[],"typecode":"170201","shopinfo":"0","poiweight":[],"adname":"武陵区","featured_reviews_remake":[],"tel":[],"id":"B0LRFC86JV","address":"人民路1617号FUN.1617年轻活力场","space_num":[],"pname":"湖南省","biz_type":[],"cityname":"常德市","childtype":"202","atag":[],"name":"紫色光广告集团","location":"111.698025,29.026475","shopid":[],"favorite_num":[],"featured_reviews... [truncated]
2026-02-24T06:05:56.646Z [network][GET 200] https://restapi.amap.com/v3/place/text?key=085af4356f3cd543fd70cb092c58c839&keywords=%E5%B9%BF%E5%91%8A&output=json&offset=20&page=3&extensions=base&city=%E5%B8%B8%E5%BE%B7%E5%B8%82&citylimit=true&district=%E6%B1%89%E5%AF%BF%E5%8E%BF
  response: {"suggestion":{"keywords":[],"cities":[]},"count":"450","infocode":"10000","pois":[{"parent":[],"distance":[],"keytag":"图文快印","importance":[],"biz_ext":[],"type":"生活服务;生活服务场所;生活服务场所","photos":[],"building":[],"typecode":"070000","shopinfo":"0","poiweight":[],"adname":"武陵区","featured_reviews_remake":[],"tel":"13203633102;15211270283","id":"B0G39UNKC3","address":"白马湖街道朝阳路248号","space_num":[],"pname":"湖南省","biz_type":[],"cityname":"常德市","childtype":[],"atag":[],"name":"佳视广告印务","location":"111.686776,29.037141","shopid":[],"favorite_num":[],"featured_reviews":[]},{"parent":[],"distance":[],"keytag":"广告设计","importance":[],"biz_ext":[],"type":"生活服务;生活服务场所;生活服务场所","photos":[],"building":[],"typecode":"070000","shopinfo":"0","poiweight":[],"adname":"武陵区","featured_reviews_remake":[],"tel":"0736-7782269;18975658787","id":"B0FFG0U7U9","address":"青年路788号","space_num":[],"pname":"湖南省","biz_type":[],"cityname":"常德市","childtype":[],"atag":[],"name":"创艺广告(青年路)","location":"111.718611,29.030030","shopid":[],"favorite_num":[],"featured_reviews":[]},{"parent":[],"distance":[],"keytag":"图文快印","importance":[],"biz_ext":[],"type":"公司企业;公司;广告装饰|生活服务;摄影冲印店;摄影冲印","photos":[],"building":[],"typecode":"170201|071300","shopinfo":"0","poiweight":[],"adname":"武陵区","featured_reviews_remake":[],"tel":"0736-7713741","id":"B0L2JA5JB8","address":"朗州路669号","space_num":[],"pname":"湖南省","biz_type":[],"cityname":"常德市","childtype":[],"atag":[],"name":"银星广告","location":"111.699292,29.042880","shopid":[],"favorite_num":[],"featured_reviews":[]},{"parent":[],"distance":[],"keytag":"图文快印","importance":[],"biz_ext":[],"type":"生活服务;生活服务场所;生活服务场所","photos":[],"building":[],"typecode":"070000","shopinfo":"1","poiweight":[],"adname":"武陵区","featured_reviews_remake":[],"tel":"13973651797","id":"B0FFFY8LRT","address":"育才路495号","space_num":[],"pname":"湖南省","biz_type":[],"cityname":"常德市","childtype":[],"atag":[],"name":"风云广告(常德市武陵区育才路495号)","location":"111.687509,29.036996","shopid":[],"favorite_num":[],"featured_revi... [truncated]
2026-02-24T06:05:56.779Z [network][GET 200] https://restapi.amap.com/v3/place/text?key=085af4356f3cd543fd70cb092c58c839&keywords=%E5%B9%BF%E5%91%8A&output=json&offset=20&page=4&extensions=base&city=%E5%B8%B8%E5%BE%B7%E5%B8%82&citylimit=true&district=%E6%B1%89%E5%AF%BF%E5%8E%BF
  response: {"status":"0","info":"CUQPS_HAS_EXCEEDED_THE_LIMIT","infocode":"10021"}
2026-02-24T06:10:47.505Z [console][error] Vue警告: Property "loadingAll" was accessed during render but is not defined on instance.
2026-02-24T06:10:47.505Z [console][error] 追踪: at <Search>
at <RouterView>
at <App>
2026-02-24T06:10:47.505Z [console][error] Vue警告: Property "loadingAll" was accessed during render but is not defined on instance.
2026-02-24T06:10:47.505Z [console][error] 追踪: at <Search>
at <RouterView>
at <App>
2026-02-24T06:10:56.634Z [console][debug] [vite] hot updated: /src/views/Search.vue
2026-02-24T06:11:16.301Z [console][debug] [vite] hot updated: /src/views/Search.vue
2026-02-24T06:11:27.634Z [console][debug] [vite] hot updated: /src/views/Search.vue?vue&type=style&index=0&scoped=d2b94ce3&lang.css
2026-02-24T06:11:41.858Z [console][debug] [vite] hot updated: /src/views/Search.vue?vue&type=style&index=0&scoped=d2b94ce3&lang.css
2026-02-24T06:11:57.606Z [console][debug] [vite] hot updated: /src/views/Search.vue
2026-02-25T03:23:09.468Z [console][log] [vite] connected.
